inlining done in 0.000
(i1_20, i2_20, i3_20, i4_20, i5_20)
(i1_30, i2_30, i3_30, i4_30, i5_30)
(i1_40, i2_40, i3_40, i4_40, i5_40)
(i1_50, i2_50, i3_50, i4_50, i5_50)
(a11, a21, a31, a41, a51)
after derandomize:
Current goal

Type variables: <none>

------------------------------------------------------------------------
Context : Mult.refresh

pre = true

( 1)  a12 <$ Byte.distr                                                    
( 2)  a22 <$ Byte.distr                                                    
( 3)  a32 <$ Byte.distr                                                    
( 4)  a42 <$ Byte.distr                                                    
( 5)  r10 <$ Byte.distr                                                    
( 6)  r20 <$ Byte.distr                                                    
( 7)  r30 <$ Byte.distr                                                    
( 8)  r40 <$ Byte.distr                                                    
( 9)  r50 <$ Byte.distr                                                    
(10)  a1 <- a12                                                            
(11)  a2 <- a22                                                            
(12)  a3 <- a32                                                            
(13)  a4 <- a42                                                            
(14)  a5 <- (a + a1 + a2 + a3 + a4)%Byte.ComRing                           
(15)  a10 <- a1                                                            
(16)  a20 <- a2                                                            
(17)  a30 <- a3                                                            
(18)  a40 <- a4                                                            
(19)  a50 <- a5                                                            
(20)  r1 <- r10                                                            
(21)  r2 <- r20                                                            
(22)  r3 <- r30                                                            
(23)  r4 <- r40                                                            
(24)  r5 <- r50                                                            
(25)  (i1_2, i2_2, i3_2, i4_2, i5_2) <- (r1, r2, r3, r4, r5)               
(26)  (i1_20, i2_20, i3_20, i4_20, i5_20) <- (i1_2, i2_2, i3_2, i4_2, i5_2)
(27)  (i1_3, i2_3, i3_3, i4_3, i5_3) <- (r5, r1, r2, r3, r4)               
(28)  (i1_30, i2_30, i3_30, i4_30, i5_30) <- (i1_3, i2_3, i3_3, i4_3, i5_3)
(29)  (i1_4, i2_4, i3_4, i4_4, i5_4) <-                                    
(  )    ((a10 + i1_2)%Byte.ComRing, (a20 + i2_2)%Byte.ComRing,             
(  )     (a30 + i3_2)%Byte.ComRing, (a40 + i4_2)%Byte.ComRing,             
(  )     (a50 + i5_2)%Byte.ComRing)                                        
(30)  (i1_40, i2_40, i3_40, i4_40, i5_40) <- (i1_4, i2_4, i3_4, i4_4, i5_4)
(31)  (i1_5, i2_5, i3_5, i4_5, i5_5) <-                                    
(  )    ((i1_4 + i1_3)%Byte.ComRing, (i2_4 + i2_3)%Byte.ComRing,           
(  )     (i3_4 + i3_3)%Byte.ComRing, (i4_4 + i4_3)%Byte.ComRing,           
(  )     (i5_4 + i5_3)%Byte.ComRing)                                       
(32)  (i1_50, i2_50, i3_50, i4_50, i5_50) <- (i1_5, i2_5, i3_5, i4_5, i5_5)
(33)  (a1, a2, a3, a4, a5) <- (i1_5, i2_5, i3_5, i4_5, i5_5)               
(34)  (a11, a21, a31, a41, a51) <- (a1, a2, a3, a4, a5)                    

post = true

wp computed in 0.000
and = Byte.ComRing.( * )   or = Byte.ComRing.(+)
Checking done in 0.504000, 0 immediate error, 0 error
TIME: 1.292
