inlining done in 0.008
(i1_500, i2_500, i3_500)
(i1_600, i2_600, i3_600)
(i1_700, i2_700, i3_700)
(i1_800, i2_800, i3_800)
(i1_93, i2_93, i3_93)
(i1_1000, i2_1000, i3_1000)
(i1_113, i2_113, i3_113)
(i1_123, i2_123, i3_123)
(i1_133, i2_133, i3_133)
(i1_18, i2_18, i3_18)
(i1_25, i2_25, i3_25)
(i1_140, i2_140, i3_140)
(i1_210, i2_210, i3_210)
(i1_170, i2_170, i3_170)
(i1_240, i2_240, i3_240)
(i1_340, i2_340, i3_340)
(i1_440, i2_440, i3_440)
(i1_530, i2_530, i3_530)
(i1_630, i2_630, i3_630)
(i1_730, i2_730, i3_730)
(i1_830, i2_830, i3_830)
(i1_920, i2_920, i3_920)
(i1_1030, i2_1030, i3_1030)
(i1_1120, i2_1120, i3_1120)
(i1_1220, i2_1220, i3_1220)
(i1_1320, i2_1320, i3_1320)
(i1_310, i2_310, i3_310)
(i1_410, i2_410, i3_410)
(i1_35, i2_35, i3_35)
(i1_45, i2_45, i3_45)
(i1_510, i2_510, i3_510)
(i1_610, i2_610, i3_610)
(i1_710, i2_710, i3_710)
(i1_810, i2_810, i3_810)
(i1_900, i2_900, i3_900)
(i1_1010, i2_1010, i3_1010)
(i1_1100, i2_1100, i3_1100)
(i1_1200, i2_1200, i3_1200)
(i1_1300, i2_1300, i3_1300)
(i1_54, i2_54, i3_54)
(i1_64, i2_64, i3_64)
(i1_520, i2_520, i3_520)
(i1_620, i2_620, i3_620)
(i1_720, i2_720, i3_720)
(i1_820, i2_820, i3_820)
(i1_910, i2_910, i3_910)
(i1_1020, i2_1020, i3_1020)
(i1_1110, i2_1110, i3_1110)
(i1_1210, i2_1210, i3_1210)
(i1_1310, i2_1310, i3_1310)
(i1_74, i2_74, i3_74)
(i1_84, i2_84, i3_84)
after derandomize:
Current goal

Type variables: <none>

------------------------------------------------------------------------
Context : Mult.sbox_r

pre = true

(  1)  r13 <$ Byte.distr                                                               
(  2)  r23 <$ Byte.distr                                                               
(  3)  r33 <$ Byte.distr                                                               
(  4)  r120 <$ Byte.distr                                                              
(  5)  r220 <$ Byte.distr                                                              
(  6)  r320 <$ Byte.distr                                                              
(  7)  r100 <$ Byte.distr                                                              
(  8)  r200 <$ Byte.distr                                                              
(  9)  r300 <$ Byte.distr                                                              
( 10)  r110 <$ Byte.distr                                                              
( 11)  r210 <$ Byte.distr                                                              
( 12)  r310 <$ Byte.distr                                                              
( 13)  a10 <- a1                                                                       
( 14)  a20 <- a2                                                                       
( 15)  a30 <- a3                                                                       
( 16)  b10 <- b1                                                                       
( 17)  b20 <- b2                                                                       
( 18)  b30 <- b3                                                                       
( 19)  (i1_50, i2_50, i3_50) <-                                                        
(   )    ((a10 * b10)%Byte.ComRing, (a20 * b20)%Byte.ComRing, (a30 * b30)%Byte.ComRing)
( 20)  (i1_500, i2_500, i3_500) <- (i1_50, i2_50, i3_50)                               
( 21)  (i1_60, i2_60, i3_60) <-                                                        
(   )    ((a10 * b20)%Byte.ComRing, (a20 * b30)%Byte.ComRing, (a30 * b10)%Byte.ComRing)
( 22)  (i1_600, i2_600, i3_600) <- (i1_60, i2_60, i3_60)                               
( 23)  (i1_70, i2_70, i3_70) <-                                                        
(   )    ((a20 * b10)%Byte.ComRing, (a30 * b20)%Byte.ComRing, (a10 * b30)%Byte.ComRing)
( 24)  (i1_700, i2_700, i3_700) <- (i1_70, i2_70, i3_70)                               
( 25)  r1 <- r13                                                                       
( 26)  r2 <- r23                                                                       
( 27)  r3 <- r33                                                                       
( 28)  (i1_80, i2_80, i3_80) <- (r1, r2, r3)                                           
( 29)  (i1_800, i2_800, i3_800) <- (i1_80, i2_80, i3_80)                               
( 30)  (i1_9, i2_9, i3_9) <- (r3, r1, r2)                                              
( 31)  (i1_93, i2_93, i3_93) <- (i1_9, i2_9, i3_9)                                     
( 32)  (i1_100, i2_100, i3_100) <-                                                     
(   )    ((i1_50 + i1_80)%Byte.ComRing, (i2_50 + i2_80)%Byte.ComRing,                  
(   )     (i3_50 + i3_80)%Byte.ComRing)                                                
( 33)  (i1_1000, i2_1000, i3_1000) <- (i1_100, i2_100, i3_100)                         
( 34)  (i1_11, i2_11, i3_11) <-                                                        
(   )    ((i1_100 + i1_60)%Byte.ComRing, (i2_100 + i2_60)%Byte.ComRing,                
(   )     (i3_100 + i3_60)%Byte.ComRing)                                               
( 35)  (i1_113, i2_113, i3_113) <- (i1_11, i2_11, i3_11)                               
( 36)  (i1_12, i2_12, i3_12) <-                                                        
(   )    ((i1_11 + i1_70)%Byte.ComRing, (i2_11 + i2_70)%Byte.ComRing,                  
(   )     (i3_11 + i3_70)%Byte.ComRing)                                                
( 37)  (i1_123, i2_123, i3_123) <- (i1_12, i2_12, i3_12)                               
( 38)  (i1_13, i2_13, i3_13) <-                                                        
(   )    ((i1_12 + i1_9)%Byte.ComRing, (i2_12 + i2_9)%Byte.ComRing,                    
(   )     (i3_12 + i3_9)%Byte.ComRing)                                                 
( 39)  (i1_133, i2_133, i3_133) <- (i1_13, i2_13, i3_13)                               
( 40)  (i1_1, i2_1, i3_1) <- (i1_13, i2_13, i3_13)                                     
( 41)  (i1_18, i2_18, i3_18) <- (i1_1, i2_1, i3_1)                                     
( 42)  (i1_2, i2_2, i3_2) <-                                                           
(   )    ((i1_1 + c1)%Byte.ComRing, (i2_1 + c2)%Byte.ComRing, (i3_1 + c3)%Byte.ComRing)
( 43)  (i1_25, i2_25, i3_25) <- (i1_2, i2_2, i3_2)                                     
( 44)  a11 <- b1                                                                       
( 45)  a21 <- b2                                                                       
( 46)  a31 <- b3                                                                       
( 47)  b11 <- c1                                                                       
( 48)  b21 <- c2                                                                       
( 49)  b31 <- c3                                                                       
( 50)  (i1_14, i2_14, i3_14) <- ((a11 + Byte.ComRing.oner)%Byte.ComRing, a21, a31)     
( 51)  (i1_140, i2_140, i3_140) <- (i1_14, i2_14, i3_14)                               
( 52)  (i1_21, i2_21, i3_21) <- ((b11 + Byte.ComRing.oner)%Byte.ComRing, b21, b31)     
( 53)  (i1_210, i2_210, i3_210) <- (i1_21, i2_21, i3_21)                               
( 54)  a14 <- i1_14                                                                    
( 55)  a24 <- i2_14                                                                    
( 56)  a34 <- i3_14                                                                    
( 57)  b14 <- i1_21                                                                    
( 58)  b24 <- i2_21                                                                    
( 59)  b34 <- i3_21                                                                    
( 60)  (i1_17, i2_17, i3_17) <- (a14, a24, a34)                                        
( 61)  (i1_170, i2_170, i3_170) <- (i1_17, i2_17, i3_17)                               
( 62)  (i1_24, i2_24, i3_24) <- (b14, b24, b34)                                        
( 63)  (i1_240, i2_240, i3_240) <- (i1_24, i2_24, i3_24)                               
( 64)  (i1_34, i2_34, i3_34) <- (b24, b34, b14)                                        
( 65)  (i1_340, i2_340, i3_340) <- (i1_34, i2_34, i3_34)                               
( 66)  (i1_44, i2_44, i3_44) <- (a24, a34, a14)                                        
( 67)  (i1_440, i2_440, i3_440) <- (i1_44, i2_44, i3_44)                               
( 68)  (i1_53, i2_53, i3_53) <-                                                        
(   )    ((i1_17 * i1_24)%Byte.ComRing, (i2_17 * i2_24)%Byte.ComRing,                  
(   )     (i3_17 * i3_24)%Byte.ComRing)                                                
( 69)  (i1_530, i2_530, i3_530) <- (i1_53, i2_53, i3_53)                               
( 70)  (i1_63, i2_63, i3_63) <-                                                        
(   )    ((i1_17 * i1_34)%Byte.ComRing, (i2_17 * i2_34)%Byte.ComRing,                  
(   )     (i3_17 * i3_34)%Byte.ComRing)                                                
( 71)  (i1_630, i2_630, i3_630) <- (i1_63, i2_63, i3_63)                               
( 72)  (i1_73, i2_73, i3_73) <-                                                        
(   )    ((i1_44 * i1_24)%Byte.ComRing, (i2_44 * i2_24)%Byte.ComRing,                  
(   )     (i3_44 * i3_24)%Byte.ComRing)                                                
( 73)  (i1_730, i2_730, i3_730) <- (i1_73, i2_73, i3_73)                               
( 74)  r12 <- r120                                                                     
( 75)  r22 <- r220                                                                     
( 76)  r32 <- r320                                                                     
( 77)  (i1_83, i2_83, i3_83) <- (r12, r22, r32)                                        
( 78)  (i1_830, i2_830, i3_830) <- (i1_83, i2_83, i3_83)                               
( 79)  (i1_92, i2_92, i3_92) <- (r32, r12, r22)                                        
( 80)  (i1_920, i2_920, i3_920) <- (i1_92, i2_92, i3_92)                               
( 81)  (i1_103, i2_103, i3_103) <-                                                     
(   )    ((i1_53 + i1_83)%Byte.ComRing, (i2_53 + i2_83)%Byte.ComRing,                  
(   )     (i3_53 + i3_83)%Byte.ComRing)                                                
( 82)  (i1_1030, i2_1030, i3_1030) <- (i1_103, i2_103, i3_103)                         
( 83)  (i1_112, i2_112, i3_112) <-                                                     
(   )    ((i1_103 + i1_63)%Byte.ComRing, (i2_103 + i2_63)%Byte.ComRing,                
(   )     (i3_103 + i3_63)%Byte.ComRing)                                               
( 84)  (i1_1120, i2_1120, i3_1120) <- (i1_112, i2_112, i3_112)                         
( 85)  (i1_122, i2_122, i3_122) <-                                                     
(   )    ((i1_112 + i1_73)%Byte.ComRing, (i2_112 + i2_73)%Byte.ComRing,                
(   )     (i3_112 + i3_73)%Byte.ComRing)                                               
( 86)  (i1_1220, i2_1220, i3_1220) <- (i1_122, i2_122, i3_122)                         
( 87)  (i1_132, i2_132, i3_132) <-                                                     
(   )    ((i1_122 + i1_92)%Byte.ComRing, (i2_122 + i2_92)%Byte.ComRing,                
(   )     (i3_122 + i3_92)%Byte.ComRing)                                               
( 88)  (i1_1320, i2_1320, i3_1320) <- (i1_132, i2_132, i3_132)                         
( 89)  (i1_31, i2_31, i3_31) <- (i1_132, i2_132, i3_132)                               
( 90)  (i1_310, i2_310, i3_310) <- (i1_31, i2_31, i3_31)                               
( 91)  (i1_41, i2_41, i3_41) <-                                                        
(   )    ((i1_31 + Byte.ComRing.oner)%Byte.ComRing,                                    
(   )     (i2_31 + Byte.ComRing.zeror)%Byte.ComRing,                                   
(   )     (i3_31 + Byte.ComRing.zeror)%Byte.ComRing)                                   
( 92)  (i1_410, i2_410, i3_410) <- (i1_41, i2_41, i3_41)                               
( 93)  (i1_3, i2_3, i3_3) <- (i1_41, i2_41, i3_41)                                     
( 94)  (i1_35, i2_35, i3_35) <- (i1_3, i2_3, i3_3)                                     
( 95)  (i1_4, i2_4, i3_4) <-                                                           
(   )    ((i1_3 + d1)%Byte.ComRing, (i2_3 + d2)%Byte.ComRing, (i3_3 + d3)%Byte.ComRing)
( 96)  (i1_45, i2_45, i3_45) <- (i1_4, i2_4, i3_4)                                     
( 97)  a12 <- i1_2                                                                     
( 98)  a22 <- i2_2                                                                     
( 99)  a32 <- i3_2                                                                     
(100)  b12 <- d1                                                                       
(101)  b22 <- d2                                                                       
(102)  b32 <- d3                                                                       
(103)  (i1_51, i2_51, i3_51) <-                                                        
(   )    ((a12 * b12)%Byte.ComRing, (a22 * b22)%Byte.ComRing, (a32 * b32)%Byte.ComRing)
(104)  (i1_510, i2_510, i3_510) <- (i1_51, i2_51, i3_51)                               
(105)  (i1_61, i2_61, i3_61) <-                                                        
(   )    ((a12 * b22)%Byte.ComRing, (a22 * b32)%Byte.ComRing, (a32 * b12)%Byte.ComRing)
(106)  (i1_610, i2_610, i3_610) <- (i1_61, i2_61, i3_61)                               
(107)  (i1_71, i2_71, i3_71) <-                                                        
(   )    ((a22 * b12)%Byte.ComRing, (a32 * b22)%Byte.ComRing, (a12 * b32)%Byte.ComRing)
(108)  (i1_710, i2_710, i3_710) <- (i1_71, i2_71, i3_71)                               
(109)  r10 <- r100                                                                     
(110)  r20 <- r200                                                                     
(111)  r30 <- r300                                                                     
(112)  (i1_81, i2_81, i3_81) <- (r10, r20, r30)                                        
(113)  (i1_810, i2_810, i3_810) <- (i1_81, i2_81, i3_81)                               
(114)  (i1_90, i2_90, i3_90) <- (r30, r10, r20)                                        
(115)  (i1_900, i2_900, i3_900) <- (i1_90, i2_90, i3_90)                               
(116)  (i1_101, i2_101, i3_101) <-                                                     
(   )    ((i1_51 + i1_81)%Byte.ComRing, (i2_51 + i2_81)%Byte.ComRing,                  
(   )     (i3_51 + i3_81)%Byte.ComRing)                                                
(117)  (i1_1010, i2_1010, i3_1010) <- (i1_101, i2_101, i3_101)                         
(118)  (i1_110, i2_110, i3_110) <-                                                     
(   )    ((i1_101 + i1_61)%Byte.ComRing, (i2_101 + i2_61)%Byte.ComRing,                
(   )     (i3_101 + i3_61)%Byte.ComRing)                                               
(119)  (i1_1100, i2_1100, i3_1100) <- (i1_110, i2_110, i3_110)                         
(120)  (i1_120, i2_120, i3_120) <-                                                     
(   )    ((i1_110 + i1_71)%Byte.ComRing, (i2_110 + i2_71)%Byte.ComRing,                
(   )     (i3_110 + i3_71)%Byte.ComRing)                                               
(121)  (i1_1200, i2_1200, i3_1200) <- (i1_120, i2_120, i3_120)                         
(122)  (i1_130, i2_130, i3_130) <-                                                     
(   )    ((i1_120 + i1_90)%Byte.ComRing, (i2_120 + i2_90)%Byte.ComRing,                
(   )     (i3_120 + i3_90)%Byte.ComRing)                                               
(123)  (i1_1300, i2_1300, i3_1300) <- (i1_130, i2_130, i3_130)                         
(124)  (i1_5, i2_5, i3_5) <- (i1_130, i2_130, i3_130)                                  
(125)  (i1_54, i2_54, i3_54) <- (i1_5, i2_5, i3_5)                                     
(126)  (i1_6, i2_6, i3_6) <-                                                           
(   )    ((i1_5 + a1)%Byte.ComRing, (i2_5 + a2)%Byte.ComRing, (i3_5 + a3)%Byte.ComRing)
(127)  (i1_64, i2_64, i3_64) <- (i1_6, i2_6, i3_6)                                     
(128)  a13 <- i1_4                                                                     
(129)  a23 <- i2_4                                                                     
(130)  a33 <- i3_4                                                                     
(131)  b13 <- a1                                                                       
(132)  b23 <- a2                                                                       
(133)  b33 <- a3                                                                       
(134)  (i1_52, i2_52, i3_52) <-                                                        
(   )    ((a13 * b13)%Byte.ComRing, (a23 * b23)%Byte.ComRing, (a33 * b33)%Byte.ComRing)
(135)  (i1_520, i2_520, i3_520) <- (i1_52, i2_52, i3_52)                               
(136)  (i1_62, i2_62, i3_62) <-                                                        
(   )    ((a13 * b23)%Byte.ComRing, (a23 * b33)%Byte.ComRing, (a33 * b13)%Byte.ComRing)
(137)  (i1_620, i2_620, i3_620) <- (i1_62, i2_62, i3_62)                               
(138)  (i1_72, i2_72, i3_72) <-                                                        
(   )    ((a23 * b13)%Byte.ComRing, (a33 * b23)%Byte.ComRing, (a13 * b33)%Byte.ComRing)
(139)  (i1_720, i2_720, i3_720) <- (i1_72, i2_72, i3_72)                               
(140)  r11 <- r110                                                                     
(141)  r21 <- r210                                                                     
(142)  r31 <- r310                                                                     
(143)  (i1_82, i2_82, i3_82) <- (r11, r21, r31)                                        
(144)  (i1_820, i2_820, i3_820) <- (i1_82, i2_82, i3_82)                               
(145)  (i1_91, i2_91, i3_91) <- (r31, r11, r21)                                        
(146)  (i1_910, i2_910, i3_910) <- (i1_91, i2_91, i3_91)                               
(147)  (i1_102, i2_102, i3_102) <-                                                     
(   )    ((i1_52 + i1_82)%Byte.ComRing, (i2_52 + i2_82)%Byte.ComRing,                  
(   )     (i3_52 + i3_82)%Byte.ComRing)                                                
(148)  (i1_1020, i2_1020, i3_1020) <- (i1_102, i2_102, i3_102)                         
(149)  (i1_111, i2_111, i3_111) <-                                                     
(   )    ((i1_102 + i1_62)%Byte.ComRing, (i2_102 + i2_62)%Byte.ComRing,                
(   )     (i3_102 + i3_62)%Byte.ComRing)                                               
(150)  (i1_1110, i2_1110, i3_1110) <- (i1_111, i2_111, i3_111)                         
(151)  (i1_121, i2_121, i3_121) <-                                                     
(   )    ((i1_111 + i1_72)%Byte.ComRing, (i2_111 + i2_72)%Byte.ComRing,                
(   )     (i3_111 + i3_72)%Byte.ComRing)                                               
(152)  (i1_1210, i2_1210, i3_1210) <- (i1_121, i2_121, i3_121)                         
(153)  (i1_131, i2_131, i3_131) <-                                                     
(   )    ((i1_121 + i1_91)%Byte.ComRing, (i2_121 + i2_91)%Byte.ComRing,                
(   )     (i3_121 + i3_91)%Byte.ComRing)                                               
(154)  (i1_1310, i2_1310, i3_1310) <- (i1_131, i2_131, i3_131)                         
(155)  (i1_7, i2_7, i3_7) <- (i1_131, i2_131, i3_131)                                  
(156)  (i1_74, i2_74, i3_74) <- (i1_7, i2_7, i3_7)                                     
(157)  (i1_8, i2_8, i3_8) <-                                                           
(   )    ((b1 + i1_7)%Byte.ComRing, (b2 + i2_7)%Byte.ComRing, (b3 + i3_7)%Byte.ComRing)
(158)  (i1_84, i2_84, i3_84) <- (i1_8, i2_8, i3_8)                                     

post = true

length f_args = 12
wp computed in 0.004
Start i = 2
Start output = 1, internal = 1 
Start output = 0, internal = 2 
SNI
TIME: 1.238
