inlining done in 0.004
(i1_14, i2_14, i3_14)
(i1_20, i2_20, i3_20)
(i1_30, i2_30, i3_30)
(i1_40, i2_40, i3_40)
(i1_50, i2_50, i3_50)
(i1_60, i2_60, i3_60)
(i1_70, i2_70, i3_70)
(i1_80, i2_80, i3_80)
(i1_90, i2_90, i3_90)
(i1_100, i2_100, i3_100)
(i1_110, i2_110, i3_110)
(i1_120, i2_120, i3_120)
(i1_130, i2_130, i3_130)
(c10, c20, c30)
after derandomize:
Current goal

Type variables: <none>

------------------------------------------------------------------------
Context : Mult.mult

pre = true

( 1)  a11 <$ Byte.distr                                           
( 2)  a21 <$ Byte.distr                                           
( 3)  b11 <$ Byte.distr                                           
( 4)  b21 <$ Byte.distr                                           
( 5)  r10 <$ Byte.distr                                           
( 6)  r20 <$ Byte.distr                                           
( 7)  r30 <$ Byte.distr                                           
( 8)  a1 <- a11                                                   
( 9)  a2 <- a21                                                   
(10)  a3 <- (a + a1 + a2)%Byte.ComRing                            
(11)  b1 <- b11                                                   
(12)  b2 <- b21                                                   
(13)  b3 <- (b + b1 + b2)%Byte.ComRing                            
(14)  a10 <- a1                                                   
(15)  a20 <- a2                                                   
(16)  a30 <- a3                                                   
(17)  b10 <- b1                                                   
(18)  b20 <- b2                                                   
(19)  b30 <- b3                                                   
(20)  (i1_1, i2_1, i3_1) <- (a10, a20, a30)                       
(21)  (i1_14, i2_14, i3_14) <- (i1_1, i2_1, i3_1)                 
(22)  (i1_2, i2_2, i3_2) <- (b10, b20, b30)                       
(23)  (i1_20, i2_20, i3_20) <- (i1_2, i2_2, i3_2)                 
(24)  (i1_3, i2_3, i3_3) <- (b20, b30, b10)                       
(25)  (i1_30, i2_30, i3_30) <- (i1_3, i2_3, i3_3)                 
(26)  (i1_4, i2_4, i3_4) <- (a20, a30, a10)                       
(27)  (i1_40, i2_40, i3_40) <- (i1_4, i2_4, i3_4)                 
(28)  (i1_5, i2_5, i3_5) <-                                       
(  )    ((i1_1 * i1_2)%Byte.ComRing, (i2_1 * i2_2)%Byte.ComRing,  
(  )     (i3_1 * i3_2)%Byte.ComRing)                              
(29)  (i1_50, i2_50, i3_50) <- (i1_5, i2_5, i3_5)                 
(30)  (i1_6, i2_6, i3_6) <-                                       
(  )    ((i1_1 * i1_3)%Byte.ComRing, (i2_1 * i2_3)%Byte.ComRing,  
(  )     (i3_1 * i3_3)%Byte.ComRing)                              
(31)  (i1_60, i2_60, i3_60) <- (i1_6, i2_6, i3_6)                 
(32)  (i1_7, i2_7, i3_7) <-                                       
(  )    ((i1_4 * i1_2)%Byte.ComRing, (i2_4 * i2_2)%Byte.ComRing,  
(  )     (i3_4 * i3_2)%Byte.ComRing)                              
(33)  (i1_70, i2_70, i3_70) <- (i1_7, i2_7, i3_7)                 
(34)  r1 <- r10                                                   
(35)  r2 <- r20                                                   
(36)  r3 <- r30                                                   
(37)  (i1_8, i2_8, i3_8) <- (r1, r2, r3)                          
(38)  (i1_80, i2_80, i3_80) <- (i1_8, i2_8, i3_8)                 
(39)  (i1_9, i2_9, i3_9) <- (r3, r1, r2)                          
(40)  (i1_90, i2_90, i3_90) <- (i1_9, i2_9, i3_9)                 
(41)  (i1_10, i2_10, i3_10) <-                                    
(  )    ((i1_5 + i1_8)%Byte.ComRing, (i2_5 + i2_8)%Byte.ComRing,  
(  )     (i3_5 + i3_8)%Byte.ComRing)                              
(42)  (i1_100, i2_100, i3_100) <- (i1_10, i2_10, i3_10)           
(43)  (i1_11, i2_11, i3_11) <-                                    
(  )    ((i1_10 + i1_6)%Byte.ComRing, (i2_10 + i2_6)%Byte.ComRing,
(  )     (i3_10 + i3_6)%Byte.ComRing)                             
(44)  (i1_110, i2_110, i3_110) <- (i1_11, i2_11, i3_11)           
(45)  (i1_12, i2_12, i3_12) <-                                    
(  )    ((i1_11 + i1_7)%Byte.ComRing, (i2_11 + i2_7)%Byte.ComRing,
(  )     (i3_11 + i3_7)%Byte.ComRing)                             
(46)  (i1_120, i2_120, i3_120) <- (i1_12, i2_12, i3_12)           
(47)  (i1_13, i2_13, i3_13) <-                                    
(  )    ((i1_12 + i1_9)%Byte.ComRing, (i2_12 + i2_9)%Byte.ComRing,
(  )     (i3_12 + i3_9)%Byte.ComRing)                             
(48)  (i1_130, i2_130, i3_130) <- (i1_13, i2_13, i3_13)           
(49)  (c1, c2, c3) <- (i1_13, i2_13, i3_13)                       
(50)  (c10, c20, c30) <- (c1, c2, c3)                             

post = true

wp computed in 0.000
and = Byte.ComRing.( * )   or = Byte.ComRing.(+)
Checking done in 0.016000, 0 immediate error, 0 error
TIME: 0.866
