inlining done in 0.000
(i1_20, i2_20, i3_20, i4_20)
(i1_30, i2_30, i3_30, i4_30)
(i1_40, i2_40, i3_40, i4_40)
(i1_50, i2_50, i3_50, i4_50)
(a11, a21, a31, a41)
after derandomize:
Current goal

Type variables: <none>

------------------------------------------------------------------------
Context : Mult.refresh

pre = true

( 1)  a12 <$ Byte.distr                                         
( 2)  a22 <$ Byte.distr                                         
( 3)  a32 <$ Byte.distr                                         
( 4)  r10 <$ Byte.distr                                         
( 5)  r20 <$ Byte.distr                                         
( 6)  r30 <$ Byte.distr                                         
( 7)  r40 <$ Byte.distr                                         
( 8)  a1 <- a12                                                 
( 9)  a2 <- a22                                                 
(10)  a3 <- a32                                                 
(11)  a4 <- (a + a1 + a2 + a3)%Byte.ComRing                     
(12)  a10 <- a1                                                 
(13)  a20 <- a2                                                 
(14)  a30 <- a3                                                 
(15)  a40 <- a4                                                 
(16)  r1 <- r10                                                 
(17)  r2 <- r20                                                 
(18)  r3 <- r30                                                 
(19)  r4 <- r40                                                 
(20)  (i1_2, i2_2, i3_2, i4_2) <- (r1, r2, r3, r4)              
(21)  (i1_20, i2_20, i3_20, i4_20) <- (i1_2, i2_2, i3_2, i4_2)  
(22)  (i1_3, i2_3, i3_3, i4_3) <- (r4, r1, r2, r3)              
(23)  (i1_30, i2_30, i3_30, i4_30) <- (i1_3, i2_3, i3_3, i4_3)  
(24)  (i1_4, i2_4, i3_4, i4_4) <-                               
(  )    ((a10 + i1_2)%Byte.ComRing, (a20 + i2_2)%Byte.ComRing,  
(  )     (a30 + i3_2)%Byte.ComRing, (a40 + i4_2)%Byte.ComRing)  
(25)  (i1_40, i2_40, i3_40, i4_40) <- (i1_4, i2_4, i3_4, i4_4)  
(26)  (i1_5, i2_5, i3_5, i4_5) <-                               
(  )    ((i1_4 + i1_3)%Byte.ComRing, (i2_4 + i2_3)%Byte.ComRing,
(  )     (i3_4 + i3_3)%Byte.ComRing, (i4_4 + i4_3)%Byte.ComRing)
(27)  (i1_50, i2_50, i3_50, i4_50) <- (i1_5, i2_5, i3_5, i4_5)  
(28)  (a1, a2, a3, a4) <- (i1_5, i2_5, i3_5, i4_5)              
(29)  (a11, a21, a31, a41) <- (a1, a2, a3, a4)                  

post = true

wp computed in 0.000
and = Byte.ComRing.( * )   or = Byte.ComRing.(+)
Checking done in 0.024000, 0 immediate error, 0 error
TIME: 0.862
