inlining done in 0.008
(i1_500, i2_500, i3_500)
(i1_600, i2_600, i3_600)
(i1_700, i2_700, i3_700)
(i1_800, i2_800, i3_800)
(i1_93, i2_93, i3_93)
(i1_1000, i2_1000, i3_1000)
(i1_113, i2_113, i3_113)
(i1_123, i2_123, i3_123)
(i1_133, i2_133, i3_133)
(i1_18, i2_18, i3_18)
(i1_25, i2_25, i3_25)
(i1_140, i2_140, i3_140)
(i1_210, i2_210, i3_210)
(i1_170, i2_170, i3_170)
(i1_240, i2_240, i3_240)
(i1_340, i2_340, i3_340)
(i1_440, i2_440, i3_440)
(i1_530, i2_530, i3_530)
(i1_630, i2_630, i3_630)
(i1_730, i2_730, i3_730)
(i1_830, i2_830, i3_830)
(i1_920, i2_920, i3_920)
(i1_1030, i2_1030, i3_1030)
(i1_1120, i2_1120, i3_1120)
(i1_1220, i2_1220, i3_1220)
(i1_1320, i2_1320, i3_1320)
(i1_310, i2_310, i3_310)
(i1_410, i2_410, i3_410)
(i1_35, i2_35, i3_35)
(i1_45, i2_45, i3_45)
(i1_510, i2_510, i3_510)
(i1_610, i2_610, i3_610)
(i1_710, i2_710, i3_710)
(i1_810, i2_810, i3_810)
(i1_900, i2_900, i3_900)
(i1_1010, i2_1010, i3_1010)
(i1_1100, i2_1100, i3_1100)
(i1_1200, i2_1200, i3_1200)
(i1_1300, i2_1300, i3_1300)
(i1_54, i2_54, i3_54)
(i1_64, i2_64, i3_64)
(i1_520, i2_520, i3_520)
(i1_620, i2_620, i3_620)
(i1_720, i2_720, i3_720)
(i1_820, i2_820, i3_820)
(i1_910, i2_910, i3_910)
(i1_1020, i2_1020, i3_1020)
(i1_1110, i2_1110, i3_1110)
(i1_1210, i2_1210, i3_1210)
(i1_1310, i2_1310, i3_1310)
(i1_74, i2_74, i3_74)
(i1_84, i2_84, i3_84)
(a16, a26, a36, b16, b26, b36, c11, c21, c31, d11, d21, d31)
after derandomize:
Current goal

Type variables: <none>

------------------------------------------------------------------------
Context : Mult.sbox

pre = true

(  1)  a17 <$ Byte.distr                                                               
(  2)  a27 <$ Byte.distr                                                               
(  3)  b17 <$ Byte.distr                                                               
(  4)  b27 <$ Byte.distr                                                               
(  5)  c12 <$ Byte.distr                                                               
(  6)  c22 <$ Byte.distr                                                               
(  7)  d12 <$ Byte.distr                                                               
(  8)  d22 <$ Byte.distr                                                               
(  9)  r13 <$ Byte.distr                                                               
( 10)  r23 <$ Byte.distr                                                               
( 11)  r33 <$ Byte.distr                                                               
( 12)  r120 <$ Byte.distr                                                              
( 13)  r220 <$ Byte.distr                                                              
( 14)  r320 <$ Byte.distr                                                              
( 15)  r100 <$ Byte.distr                                                              
( 16)  r200 <$ Byte.distr                                                              
( 17)  r300 <$ Byte.distr                                                              
( 18)  r110 <$ Byte.distr                                                              
( 19)  r210 <$ Byte.distr                                                              
( 20)  r310 <$ Byte.distr                                                              
( 21)  a1 <- a17                                                                       
( 22)  a2 <- a27                                                                       
( 23)  a3 <- (a + a1 + a2)%Byte.ComRing                                                
( 24)  b1 <- b17                                                                       
( 25)  b2 <- b27                                                                       
( 26)  b3 <- (b + b1 + b2)%Byte.ComRing                                                
( 27)  c1 <- c12                                                                       
( 28)  c2 <- c22                                                                       
( 29)  c3 <- (c + c1 + c2)%Byte.ComRing                                                
( 30)  d1 <- d12                                                                       
( 31)  d2 <- d22                                                                       
( 32)  d3 <- (d + d1 + d2)%Byte.ComRing                                                
( 33)  a10 <- a1                                                                       
( 34)  a20 <- a2                                                                       
( 35)  a30 <- a3                                                                       
( 36)  b10 <- b1                                                                       
( 37)  b20 <- b2                                                                       
( 38)  b30 <- b3                                                                       
( 39)  c10 <- c1                                                                       
( 40)  c20 <- c2                                                                       
( 41)  c30 <- c3                                                                       
( 42)  d10 <- d1                                                                       
( 43)  d20 <- d2                                                                       
( 44)  d30 <- d3                                                                       
( 45)  a11 <- a10                                                                      
( 46)  a21 <- a20                                                                      
( 47)  a31 <- a30                                                                      
( 48)  b11 <- b10                                                                      
( 49)  b21 <- b20                                                                      
( 50)  b31 <- b30                                                                      
( 51)  (i1_50, i2_50, i3_50) <-                                                        
(   )    ((a11 * b11)%Byte.ComRing, (a21 * b21)%Byte.ComRing, (a31 * b31)%Byte.ComRing)
( 52)  (i1_500, i2_500, i3_500) <- (i1_50, i2_50, i3_50)                               
( 53)  (i1_60, i2_60, i3_60) <-                                                        
(   )    ((a11 * b21)%Byte.ComRing, (a21 * b31)%Byte.ComRing, (a31 * b11)%Byte.ComRing)
( 54)  (i1_600, i2_600, i3_600) <- (i1_60, i2_60, i3_60)                               
( 55)  (i1_70, i2_70, i3_70) <-                                                        
(   )    ((a21 * b11)%Byte.ComRing, (a31 * b21)%Byte.ComRing, (a11 * b31)%Byte.ComRing)
( 56)  (i1_700, i2_700, i3_700) <- (i1_70, i2_70, i3_70)                               
( 57)  r1 <- r13                                                                       
( 58)  r2 <- r23                                                                       
( 59)  r3 <- r33                                                                       
( 60)  (i1_80, i2_80, i3_80) <- (r1, r2, r3)                                           
( 61)  (i1_800, i2_800, i3_800) <- (i1_80, i2_80, i3_80)                               
( 62)  (i1_9, i2_9, i3_9) <- (r3, r1, r2)                                              
( 63)  (i1_93, i2_93, i3_93) <- (i1_9, i2_9, i3_9)                                     
( 64)  (i1_100, i2_100, i3_100) <-                                                     
(   )    ((i1_50 + i1_80)%Byte.ComRing, (i2_50 + i2_80)%Byte.ComRing,                  
(   )     (i3_50 + i3_80)%Byte.ComRing)                                                
( 65)  (i1_1000, i2_1000, i3_1000) <- (i1_100, i2_100, i3_100)                         
( 66)  (i1_11, i2_11, i3_11) <-                                                        
(   )    ((i1_100 + i1_60)%Byte.ComRing, (i2_100 + i2_60)%Byte.ComRing,                
(   )     (i3_100 + i3_60)%Byte.ComRing)                                               
( 67)  (i1_113, i2_113, i3_113) <- (i1_11, i2_11, i3_11)                               
( 68)  (i1_12, i2_12, i3_12) <-                                                        
(   )    ((i1_11 + i1_70)%Byte.ComRing, (i2_11 + i2_70)%Byte.ComRing,                  
(   )     (i3_11 + i3_70)%Byte.ComRing)                                                
( 69)  (i1_123, i2_123, i3_123) <- (i1_12, i2_12, i3_12)                               
( 70)  (i1_13, i2_13, i3_13) <-                                                        
(   )    ((i1_12 + i1_9)%Byte.ComRing, (i2_12 + i2_9)%Byte.ComRing,                    
(   )     (i3_12 + i3_9)%Byte.ComRing)                                                 
( 71)  (i1_133, i2_133, i3_133) <- (i1_13, i2_13, i3_13)                               
( 72)  (i1_1, i2_1, i3_1) <- (i1_13, i2_13, i3_13)                                     
( 73)  (i1_18, i2_18, i3_18) <- (i1_1, i2_1, i3_1)                                     
( 74)  (i1_2, i2_2, i3_2) <-                                                           
(   )    ((i1_1 + c10)%Byte.ComRing, (i2_1 + c20)%Byte.ComRing,                        
(   )     (i3_1 + c30)%Byte.ComRing)                                                   
( 75)  (i1_25, i2_25, i3_25) <- (i1_2, i2_2, i3_2)                                     
( 76)  a12 <- b10                                                                      
( 77)  a22 <- b20                                                                      
( 78)  a32 <- b30                                                                      
( 79)  b12 <- c10                                                                      
( 80)  b22 <- c20                                                                      
( 81)  b32 <- c30                                                                      
( 82)  (i1_14, i2_14, i3_14) <- ((a12 + Byte.ComRing.oner)%Byte.ComRing, a22, a32)     
( 83)  (i1_140, i2_140, i3_140) <- (i1_14, i2_14, i3_14)                               
( 84)  (i1_21, i2_21, i3_21) <- ((b12 + Byte.ComRing.oner)%Byte.ComRing, b22, b32)     
( 85)  (i1_210, i2_210, i3_210) <- (i1_21, i2_21, i3_21)                               
( 86)  a15 <- i1_14                                                                    
( 87)  a25 <- i2_14                                                                    
( 88)  a35 <- i3_14                                                                    
( 89)  b15 <- i1_21                                                                    
( 90)  b25 <- i2_21                                                                    
( 91)  b35 <- i3_21                                                                    
( 92)  (i1_17, i2_17, i3_17) <- (a15, a25, a35)                                        
( 93)  (i1_170, i2_170, i3_170) <- (i1_17, i2_17, i3_17)                               
( 94)  (i1_24, i2_24, i3_24) <- (b15, b25, b35)                                        
( 95)  (i1_240, i2_240, i3_240) <- (i1_24, i2_24, i3_24)                               
( 96)  (i1_34, i2_34, i3_34) <- (b25, b35, b15)                                        
( 97)  (i1_340, i2_340, i3_340) <- (i1_34, i2_34, i3_34)                               
( 98)  (i1_44, i2_44, i3_44) <- (a25, a35, a15)                                        
( 99)  (i1_440, i2_440, i3_440) <- (i1_44, i2_44, i3_44)                               
(100)  (i1_53, i2_53, i3_53) <-                                                        
(   )    ((i1_17 * i1_24)%Byte.ComRing, (i2_17 * i2_24)%Byte.ComRing,                  
(   )     (i3_17 * i3_24)%Byte.ComRing)                                                
(101)  (i1_530, i2_530, i3_530) <- (i1_53, i2_53, i3_53)                               
(102)  (i1_63, i2_63, i3_63) <-                                                        
(   )    ((i1_17 * i1_34)%Byte.ComRing, (i2_17 * i2_34)%Byte.ComRing,                  
(   )     (i3_17 * i3_34)%Byte.ComRing)                                                
(103)  (i1_630, i2_630, i3_630) <- (i1_63, i2_63, i3_63)                               
(104)  (i1_73, i2_73, i3_73) <-                                                        
(   )    ((i1_44 * i1_24)%Byte.ComRing, (i2_44 * i2_24)%Byte.ComRing,                  
(   )     (i3_44 * i3_24)%Byte.ComRing)                                                
(105)  (i1_730, i2_730, i3_730) <- (i1_73, i2_73, i3_73)                               
(106)  r12 <- r120                                                                     
(107)  r22 <- r220                                                                     
(108)  r32 <- r320                                                                     
(109)  (i1_83, i2_83, i3_83) <- (r12, r22, r32)                                        
(110)  (i1_830, i2_830, i3_830) <- (i1_83, i2_83, i3_83)                               
(111)  (i1_92, i2_92, i3_92) <- (r32, r12, r22)                                        
(112)  (i1_920, i2_920, i3_920) <- (i1_92, i2_92, i3_92)                               
(113)  (i1_103, i2_103, i3_103) <-                                                     
(   )    ((i1_53 + i1_83)%Byte.ComRing, (i2_53 + i2_83)%Byte.ComRing,                  
(   )     (i3_53 + i3_83)%Byte.ComRing)                                                
(114)  (i1_1030, i2_1030, i3_1030) <- (i1_103, i2_103, i3_103)                         
(115)  (i1_112, i2_112, i3_112) <-                                                     
(   )    ((i1_103 + i1_63)%Byte.ComRing, (i2_103 + i2_63)%Byte.ComRing,                
(   )     (i3_103 + i3_63)%Byte.ComRing)                                               
(116)  (i1_1120, i2_1120, i3_1120) <- (i1_112, i2_112, i3_112)                         
(117)  (i1_122, i2_122, i3_122) <-                                                     
(   )    ((i1_112 + i1_73)%Byte.ComRing, (i2_112 + i2_73)%Byte.ComRing,                
(   )     (i3_112 + i3_73)%Byte.ComRing)                                               
(118)  (i1_1220, i2_1220, i3_1220) <- (i1_122, i2_122, i3_122)                         
(119)  (i1_132, i2_132, i3_132) <-                                                     
(   )    ((i1_122 + i1_92)%Byte.ComRing, (i2_122 + i2_92)%Byte.ComRing,                
(   )     (i3_122 + i3_92)%Byte.ComRing)                                               
(120)  (i1_1320, i2_1320, i3_1320) <- (i1_132, i2_132, i3_132)                         
(121)  (i1_31, i2_31, i3_31) <- (i1_132, i2_132, i3_132)                               
(122)  (i1_310, i2_310, i3_310) <- (i1_31, i2_31, i3_31)                               
(123)  (i1_41, i2_41, i3_41) <-                                                        
(   )    ((i1_31 + Byte.ComRing.oner)%Byte.ComRing,                                    
(   )     (i2_31 + Byte.ComRing.zeror)%Byte.ComRing,                                   
(   )     (i3_31 + Byte.ComRing.zeror)%Byte.ComRing)                                   
(124)  (i1_410, i2_410, i3_410) <- (i1_41, i2_41, i3_41)                               
(125)  (i1_3, i2_3, i3_3) <- (i1_41, i2_41, i3_41)                                     
(126)  (i1_35, i2_35, i3_35) <- (i1_3, i2_3, i3_3)                                     
(127)  (i1_4, i2_4, i3_4) <-                                                           
(   )    ((i1_3 + d10)%Byte.ComRing, (i2_3 + d20)%Byte.ComRing,                        
(   )     (i3_3 + d30)%Byte.ComRing)                                                   
(128)  (i1_45, i2_45, i3_45) <- (i1_4, i2_4, i3_4)                                     
(129)  a13 <- i1_2                                                                     
(130)  a23 <- i2_2                                                                     
(131)  a33 <- i3_2                                                                     
(132)  b13 <- d10                                                                      
(133)  b23 <- d20                                                                      
(134)  b33 <- d30                                                                      
(135)  (i1_51, i2_51, i3_51) <-                                                        
(   )    ((a13 * b13)%Byte.ComRing, (a23 * b23)%Byte.ComRing, (a33 * b33)%Byte.ComRing)
(136)  (i1_510, i2_510, i3_510) <- (i1_51, i2_51, i3_51)                               
(137)  (i1_61, i2_61, i3_61) <-                                                        
(   )    ((a13 * b23)%Byte.ComRing, (a23 * b33)%Byte.ComRing, (a33 * b13)%Byte.ComRing)
(138)  (i1_610, i2_610, i3_610) <- (i1_61, i2_61, i3_61)                               
(139)  (i1_71, i2_71, i3_71) <-                                                        
(   )    ((a23 * b13)%Byte.ComRing, (a33 * b23)%Byte.ComRing, (a13 * b33)%Byte.ComRing)
(140)  (i1_710, i2_710, i3_710) <- (i1_71, i2_71, i3_71)                               
(141)  r10 <- r100                                                                     
(142)  r20 <- r200                                                                     
(143)  r30 <- r300                                                                     
(144)  (i1_81, i2_81, i3_81) <- (r10, r20, r30)                                        
(145)  (i1_810, i2_810, i3_810) <- (i1_81, i2_81, i3_81)                               
(146)  (i1_90, i2_90, i3_90) <- (r30, r10, r20)                                        
(147)  (i1_900, i2_900, i3_900) <- (i1_90, i2_90, i3_90)                               
(148)  (i1_101, i2_101, i3_101) <-                                                     
(   )    ((i1_51 + i1_81)%Byte.ComRing, (i2_51 + i2_81)%Byte.ComRing,                  
(   )     (i3_51 + i3_81)%Byte.ComRing)                                                
(149)  (i1_1010, i2_1010, i3_1010) <- (i1_101, i2_101, i3_101)                         
(150)  (i1_110, i2_110, i3_110) <-                                                     
(   )    ((i1_101 + i1_61)%Byte.ComRing, (i2_101 + i2_61)%Byte.ComRing,                
(   )     (i3_101 + i3_61)%Byte.ComRing)                                               
(151)  (i1_1100, i2_1100, i3_1100) <- (i1_110, i2_110, i3_110)                         
(152)  (i1_120, i2_120, i3_120) <-                                                     
(   )    ((i1_110 + i1_71)%Byte.ComRing, (i2_110 + i2_71)%Byte.ComRing,                
(   )     (i3_110 + i3_71)%Byte.ComRing)                                               
(153)  (i1_1200, i2_1200, i3_1200) <- (i1_120, i2_120, i3_120)                         
(154)  (i1_130, i2_130, i3_130) <-                                                     
(   )    ((i1_120 + i1_90)%Byte.ComRing, (i2_120 + i2_90)%Byte.ComRing,                
(   )     (i3_120 + i3_90)%Byte.ComRing)                                               
(155)  (i1_1300, i2_1300, i3_1300) <- (i1_130, i2_130, i3_130)                         
(156)  (i1_5, i2_5, i3_5) <- (i1_130, i2_130, i3_130)                                  
(157)  (i1_54, i2_54, i3_54) <- (i1_5, i2_5, i3_5)                                     
(158)  (i1_6, i2_6, i3_6) <-                                                           
(   )    ((i1_5 + a10)%Byte.ComRing, (i2_5 + a20)%Byte.ComRing,                        
(   )     (i3_5 + a30)%Byte.ComRing)                                                   
(159)  (i1_64, i2_64, i3_64) <- (i1_6, i2_6, i3_6)                                     
(160)  a14 <- i1_4                                                                     
(161)  a24 <- i2_4                                                                     
(162)  a34 <- i3_4                                                                     
(163)  b14 <- a10                                                                      
(164)  b24 <- a20                                                                      
(165)  b34 <- a30                                                                      
(166)  (i1_52, i2_52, i3_52) <-                                                        
(   )    ((a14 * b14)%Byte.ComRing, (a24 * b24)%Byte.ComRing, (a34 * b34)%Byte.ComRing)
(167)  (i1_520, i2_520, i3_520) <- (i1_52, i2_52, i3_52)                               
(168)  (i1_62, i2_62, i3_62) <-                                                        
(   )    ((a14 * b24)%Byte.ComRing, (a24 * b34)%Byte.ComRing, (a34 * b14)%Byte.ComRing)
(169)  (i1_620, i2_620, i3_620) <- (i1_62, i2_62, i3_62)                               
(170)  (i1_72, i2_72, i3_72) <-                                                        
(   )    ((a24 * b14)%Byte.ComRing, (a34 * b24)%Byte.ComRing, (a14 * b34)%Byte.ComRing)
(171)  (i1_720, i2_720, i3_720) <- (i1_72, i2_72, i3_72)                               
(172)  r11 <- r110                                                                     
(173)  r21 <- r210                                                                     
(174)  r31 <- r310                                                                     
(175)  (i1_82, i2_82, i3_82) <- (r11, r21, r31)                                        
(176)  (i1_820, i2_820, i3_820) <- (i1_82, i2_82, i3_82)                               
(177)  (i1_91, i2_91, i3_91) <- (r31, r11, r21)                                        
(178)  (i1_910, i2_910, i3_910) <- (i1_91, i2_91, i3_91)                               
(179)  (i1_102, i2_102, i3_102) <-                                                     
(   )    ((i1_52 + i1_82)%Byte.ComRing, (i2_52 + i2_82)%Byte.ComRing,                  
(   )     (i3_52 + i3_82)%Byte.ComRing)                                                
(180)  (i1_1020, i2_1020, i3_1020) <- (i1_102, i2_102, i3_102)                         
(181)  (i1_111, i2_111, i3_111) <-                                                     
(   )    ((i1_102 + i1_62)%Byte.ComRing, (i2_102 + i2_62)%Byte.ComRing,                
(   )     (i3_102 + i3_62)%Byte.ComRing)                                               
(182)  (i1_1110, i2_1110, i3_1110) <- (i1_111, i2_111, i3_111)                         
(183)  (i1_121, i2_121, i3_121) <-                                                     
(   )    ((i1_111 + i1_72)%Byte.ComRing, (i2_111 + i2_72)%Byte.ComRing,                
(   )     (i3_111 + i3_72)%Byte.ComRing)                                               
(184)  (i1_1210, i2_1210, i3_1210) <- (i1_121, i2_121, i3_121)                         
(185)  (i1_131, i2_131, i3_131) <-                                                     
(   )    ((i1_121 + i1_91)%Byte.ComRing, (i2_121 + i2_91)%Byte.ComRing,                
(   )     (i3_121 + i3_91)%Byte.ComRing)                                               
(186)  (i1_1310, i2_1310, i3_1310) <- (i1_131, i2_131, i3_131)                         
(187)  (i1_7, i2_7, i3_7) <- (i1_131, i2_131, i3_131)                                  
(188)  (i1_74, i2_74, i3_74) <- (i1_7, i2_7, i3_7)                                     
(189)  (i1_8, i2_8, i3_8) <-                                                           
(   )    ((b10 + i1_7)%Byte.ComRing, (b20 + i2_7)%Byte.ComRing,                        
(   )     (b30 + i3_7)%Byte.ComRing)                                                   
(190)  (i1_84, i2_84, i3_84) <- (i1_8, i2_8, i3_8)                                     
(191)  (a1, a2, a3, b1, b2, b3, c1, c2, c3, d1, d2, d3) <-                             
(   )    (i1_2, i2_2, i3_2, i1_8, i2_8, i3_8, i1_4, i2_4, i3_4, i1_6, i2_6, i3_6)      
(192)  (a16, a26, a36, b16, b26, b36, c11, c21, c31, d11, d21, d31) <-                 
(   )    (a1, a2, a3, b1, b2, b3, c1, c2, c3, d1, d2, d3)                              

post = true

wp computed in 0.004
and = Byte.ComRing.( * )   or = Byte.ComRing.(+)
Checking done in 0.244000, 0 immediate error, 0 error
TIME: 1.128
