inlining done in 0.004
(i1_21, i2_21, i3_21, i4_21, i5_21, i6_21, i7_21)
(i1_31, i2_31, i3_31, i4_31, i5_31, i6_31, i7_31)
(i1_41, i2_41, i3_41, i4_41, i5_41, i6_41, i7_41)
(i1_51, i2_51, i3_51, i4_51, i5_51, i6_51, i7_51)
(c10, c20, c30, c40, c50, c60, c70)
(i1_200, i2_200, i3_200, i4_200, i5_200, i6_200, i7_200)
(i1_300, i2_300, i3_300, i4_300, i5_300, i6_300, i7_300)
(i1_400, i2_400, i3_400, i4_400, i5_400, i6_400, i7_400)
(i1_500, i2_500, i3_500, i4_500, i5_500, i6_500, i7_500)
(c11, c21, c31, c41, c51, c61, c71)
after derandomize:
Current goal

Type variables: <none>

------------------------------------------------------------------------
Context : Mult.refresh2_r

pre = true

( 1)  r11 <$ Byte.distr                                                         
( 2)  r21 <$ Byte.distr                                                         
( 3)  r31 <$ Byte.distr                                                         
( 4)  r41 <$ Byte.distr                                                         
( 5)  r51 <$ Byte.distr                                                         
( 6)  r61 <$ Byte.distr                                                         
( 7)  r71 <$ Byte.distr                                                         
( 8)  r100 <$ Byte.distr                                                        
( 9)  r200 <$ Byte.distr                                                        
(10)  r300 <$ Byte.distr                                                        
(11)  r400 <$ Byte.distr                                                        
(12)  r500 <$ Byte.distr                                                        
(13)  r600 <$ Byte.distr                                                        
(14)  r700 <$ Byte.distr                                                        
(15)  a10 <- a1                                                                 
(16)  a20 <- a2                                                                 
(17)  a30 <- a3                                                                 
(18)  a40 <- a4                                                                 
(19)  a50 <- a5                                                                 
(20)  a60 <- a6                                                                 
(21)  a70 <- a7                                                                 
(22)  r1 <- r11                                                                 
(23)  r2 <- r21                                                                 
(24)  r3 <- r31                                                                 
(25)  r4 <- r41                                                                 
(26)  r5 <- r51                                                                 
(27)  r6 <- r61                                                                 
(28)  r7 <- r71                                                                 
(29)  (i1_2, i2_2, i3_2, i4_2, i5_2, i6_2, i7_2) <- (r1, r2, r3, r4, r5, r6, r7)
(30)  (i1_21, i2_21, i3_21, i4_21, i5_21, i6_21, i7_21) <-                      
(  )    (i1_2, i2_2, i3_2, i4_2, i5_2, i6_2, i7_2)                              
(31)  (i1_3, i2_3, i3_3, i4_3, i5_3, i6_3, i7_3) <- (r7, r1, r2, r3, r4, r5, r6)
(32)  (i1_31, i2_31, i3_31, i4_31, i5_31, i6_31, i7_31) <-                      
(  )    (i1_3, i2_3, i3_3, i4_3, i5_3, i6_3, i7_3)                              
(33)  (i1_4, i2_4, i3_4, i4_4, i5_4, i6_4, i7_4) <-                             
(  )    ((a10 + i1_2)%Byte.ComRing, (a20 + i2_2)%Byte.ComRing,                  
(  )     (a30 + i3_2)%Byte.ComRing, (a40 + i4_2)%Byte.ComRing,                  
(  )     (a50 + i5_2)%Byte.ComRing, (a60 + i6_2)%Byte.ComRing,                  
(  )     (a70 + i7_2)%Byte.ComRing)                                             
(34)  (i1_41, i2_41, i3_41, i4_41, i5_41, i6_41, i7_41) <-                      
(  )    (i1_4, i2_4, i3_4, i4_4, i5_4, i6_4, i7_4)                              
(35)  (i1_5, i2_5, i3_5, i4_5, i5_5, i6_5, i7_5) <-                             
(  )    ((i1_4 + i1_3)%Byte.ComRing, (i2_4 + i2_3)%Byte.ComRing,                
(  )     (i3_4 + i3_3)%Byte.ComRing, (i4_4 + i4_3)%Byte.ComRing,                
(  )     (i5_4 + i5_3)%Byte.ComRing, (i6_4 + i6_3)%Byte.ComRing,                
(  )     (i7_4 + i7_3)%Byte.ComRing)                                            
(36)  (i1_51, i2_51, i3_51, i4_51, i5_51, i6_51, i7_51) <-                      
(  )    (i1_5, i2_5, i3_5, i4_5, i5_5, i6_5, i7_5)                              
(37)  (c1, c2, c3, c4, c5, c6, c7) <- (i1_5, i2_5, i3_5, i4_5, i5_5, i6_5, i7_5)
(38)  (c10, c20, c30, c40, c50, c60, c70) <- (c1, c2, c3, c4, c5, c6, c7)       
(39)  a11 <- c1                                                                 
(40)  a21 <- c2                                                                 
(41)  a31 <- c3                                                                 
(42)  a41 <- c4                                                                 
(43)  a51 <- c5                                                                 
(44)  a61 <- c6                                                                 
(45)  a71 <- c7                                                                 
(46)  r10 <- r100                                                               
(47)  r20 <- r200                                                               
(48)  r30 <- r300                                                               
(49)  r40 <- r400                                                               
(50)  r50 <- r500                                                               
(51)  r60 <- r600                                                               
(52)  r70 <- r700                                                               
(53)  (i1_20, i2_20, i3_20, i4_20, i5_20, i6_20, i7_20) <-                      
(  )    (r10, r20, r30, r40, r50, r60, r70)                                     
(54)  (i1_200, i2_200, i3_200, i4_200, i5_200, i6_200, i7_200) <-               
(  )    (i1_20, i2_20, i3_20, i4_20, i5_20, i6_20, i7_20)                       
(55)  (i1_30, i2_30, i3_30, i4_30, i5_30, i6_30, i7_30) <-                      
(  )    (r70, r10, r20, r30, r40, r50, r60)                                     
(56)  (i1_300, i2_300, i3_300, i4_300, i5_300, i6_300, i7_300) <-               
(  )    (i1_30, i2_30, i3_30, i4_30, i5_30, i6_30, i7_30)                       
(57)  (i1_40, i2_40, i3_40, i4_40, i5_40, i6_40, i7_40) <-                      
(  )    ((a11 + i1_20)%Byte.ComRing, (a21 + i2_20)%Byte.ComRing,                
(  )     (a31 + i3_20)%Byte.ComRing, (a41 + i4_20)%Byte.ComRing,                
(  )     (a51 + i5_20)%Byte.ComRing, (a61 + i6_20)%Byte.ComRing,                
(  )     (a71 + i7_20)%Byte.ComRing)                                            
(58)  (i1_400, i2_400, i3_400, i4_400, i5_400, i6_400, i7_400) <-               
(  )    (i1_40, i2_40, i3_40, i4_40, i5_40, i6_40, i7_40)                       
(59)  (i1_50, i2_50, i3_50, i4_50, i5_50, i6_50, i7_50) <-                      
(  )    ((i1_40 + i1_30)%Byte.ComRing, (i2_40 + i2_30)%Byte.ComRing,            
(  )     (i3_40 + i3_30)%Byte.ComRing, (i4_40 + i4_30)%Byte.ComRing,            
(  )     (i5_40 + i5_30)%Byte.ComRing, (i6_40 + i6_30)%Byte.ComRing,            
(  )     (i7_40 + i7_30)%Byte.ComRing)                                          
(60)  (i1_500, i2_500, i3_500, i4_500, i5_500, i6_500, i7_500) <-               
(  )    (i1_50, i2_50, i3_50, i4_50, i5_50, i6_50, i7_50)                       
(61)  (c1, c2, c3, c4, c5, c6, c7) <-                                           
(  )    (i1_50, i2_50, i3_50, i4_50, i5_50, i6_50, i7_50)                       
(62)  (c11, c21, c31, c41, c51, c61, c71) <- (c1, c2, c3, c4, c5, c6, c7)       

post = true

length f_args = 7
wp computed in 0.000
Start i = 6
Start output = 5, internal = 1 
Start output = 4, internal = 2 
Start output = 3, internal = 3 
Start output = 2, internal = 4 
Start output = 1, internal = 5 
Start output = 0, internal = 6 
SNI
TIME: 2.729
