inlining done in 0.000
(i1_10, i2_10, i3_10)
(i1_20, i2_20, i3_20)
(i1_30, i2_30, i3_30)
(i1_40, i2_40, i3_40)
(i1_50, i2_50, i3_50)
after derandomize:
Current goal

Type variables: <none>

------------------------------------------------------------------------
Context : Mult.refresh_r

pre = true

( 1)  r10 <$ Byte.distr                                         
( 2)  r20 <$ Byte.distr                                         
( 3)  r30 <$ Byte.distr                                         
( 4)  r1 <- r10                                                 
( 5)  r2 <- r20                                                 
( 6)  r3 <- r30                                                 
( 7)  (i1_1, i2_1, i3_1) <- (a1, a2, a3)                        
( 8)  (i1_10, i2_10, i3_10) <- (i1_1, i2_1, i3_1)               
( 9)  (i1_2, i2_2, i3_2) <- (r1, r2, r3)                        
(10)  (i1_20, i2_20, i3_20) <- (i1_2, i2_2, i3_2)               
(11)  (i1_3, i2_3, i3_3) <- (r3, r1, r2)                        
(12)  (i1_30, i2_30, i3_30) <- (i1_3, i2_3, i3_3)               
(13)  (i1_4, i2_4, i3_4) <-                                     
(  )    ((i1_1 + i1_2)%Byte.ComRing, (i2_1 + i2_2)%Byte.ComRing,
(  )     (i3_1 + i3_2)%Byte.ComRing)                            
(14)  (i1_40, i2_40, i3_40) <- (i1_4, i2_4, i3_4)               
(15)  (i1_5, i2_5, i3_5) <-                                     
(  )    ((i1_4 + i1_3)%Byte.ComRing, (i2_4 + i2_3)%Byte.ComRing,
(  )     (i3_4 + i3_3)%Byte.ComRing)                            
(16)  (i1_50, i2_50, i3_50) <- (i1_5, i2_5, i3_5)               

post = true

length f_args = 3
wp computed in 0.000
Start i = 2
Start output = 1, internal = 1 
Start output = 0, internal = 2 
SNI
TIME: 0.827
