inlining done in 0.000
(i1_14, i2_14, i3_14)
(i1_20, i2_20, i3_20)
(i1_30, i2_30, i3_30)
(i1_40, i2_40, i3_40)
(i1_50, i2_50, i3_50)
(i1_60, i2_60, i3_60)
(i1_70, i2_70, i3_70)
(i1_80, i2_80, i3_80)
(i1_90, i2_90, i3_90)
(i1_100, i2_100, i3_100)
(i1_110, i2_110, i3_110)
(i1_120, i2_120, i3_120)
(i1_130, i2_130, i3_130)
after derandomize:
Current goal

Type variables: <none>

------------------------------------------------------------------------
Context : Mult.mult_r

pre = true

( 1)  r10 <$ Byte.distr                                           
( 2)  r20 <$ Byte.distr                                           
( 3)  r30 <$ Byte.distr                                           
( 4)  (i1_1, i2_1, i3_1) <- (a1, a2, a3)                          
( 5)  (i1_14, i2_14, i3_14) <- (i1_1, i2_1, i3_1)                 
( 6)  (i1_2, i2_2, i3_2) <- (b1, b2, b3)                          
( 7)  (i1_20, i2_20, i3_20) <- (i1_2, i2_2, i3_2)                 
( 8)  (i1_3, i2_3, i3_3) <- (b2, b3, b1)                          
( 9)  (i1_30, i2_30, i3_30) <- (i1_3, i2_3, i3_3)                 
(10)  (i1_4, i2_4, i3_4) <- (a2, a3, a1)                          
(11)  (i1_40, i2_40, i3_40) <- (i1_4, i2_4, i3_4)                 
(12)  (i1_5, i2_5, i3_5) <-                                       
(  )    ((i1_1 * i1_2)%Byte.ComRing, (i2_1 * i2_2)%Byte.ComRing,  
(  )     (i3_1 * i3_2)%Byte.ComRing)                              
(13)  (i1_50, i2_50, i3_50) <- (i1_5, i2_5, i3_5)                 
(14)  (i1_6, i2_6, i3_6) <-                                       
(  )    ((i1_1 * i1_3)%Byte.ComRing, (i2_1 * i2_3)%Byte.ComRing,  
(  )     (i3_1 * i3_3)%Byte.ComRing)                              
(15)  (i1_60, i2_60, i3_60) <- (i1_6, i2_6, i3_6)                 
(16)  (i1_7, i2_7, i3_7) <-                                       
(  )    ((i1_4 * i1_2)%Byte.ComRing, (i2_4 * i2_2)%Byte.ComRing,  
(  )     (i3_4 * i3_2)%Byte.ComRing)                              
(17)  (i1_70, i2_70, i3_70) <- (i1_7, i2_7, i3_7)                 
(18)  r1 <- r10                                                   
(19)  r2 <- r20                                                   
(20)  r3 <- r30                                                   
(21)  (i1_8, i2_8, i3_8) <- (r1, r2, r3)                          
(22)  (i1_80, i2_80, i3_80) <- (i1_8, i2_8, i3_8)                 
(23)  (i1_9, i2_9, i3_9) <- (r3, r1, r2)                          
(24)  (i1_90, i2_90, i3_90) <- (i1_9, i2_9, i3_9)                 
(25)  (i1_10, i2_10, i3_10) <-                                    
(  )    ((i1_5 + i1_8)%Byte.ComRing, (i2_5 + i2_8)%Byte.ComRing,  
(  )     (i3_5 + i3_8)%Byte.ComRing)                              
(26)  (i1_100, i2_100, i3_100) <- (i1_10, i2_10, i3_10)           
(27)  (i1_11, i2_11, i3_11) <-                                    
(  )    ((i1_10 + i1_6)%Byte.ComRing, (i2_10 + i2_6)%Byte.ComRing,
(  )     (i3_10 + i3_6)%Byte.ComRing)                             
(28)  (i1_110, i2_110, i3_110) <- (i1_11, i2_11, i3_11)           
(29)  (i1_12, i2_12, i3_12) <-                                    
(  )    ((i1_11 + i1_7)%Byte.ComRing, (i2_11 + i2_7)%Byte.ComRing,
(  )     (i3_11 + i3_7)%Byte.ComRing)                             
(30)  (i1_120, i2_120, i3_120) <- (i1_12, i2_12, i3_12)           
(31)  (i1_13, i2_13, i3_13) <-                                    
(  )    ((i1_12 + i1_9)%Byte.ComRing, (i2_12 + i2_9)%Byte.ComRing,
(  )     (i3_12 + i3_9)%Byte.ComRing)                             
(32)  (i1_130, i2_130, i3_130) <- (i1_13, i2_13, i3_13)           

post = true

length f_args = 6
wp computed in 0.000
Start i = 2
Start output = 1, internal = 1 
Start output = 0, internal = 2 
SNI
TIME: 0.756
